[11Apr2022 15:25:52.647] [main/INFO] [cpw.mods.modlauncher.Launcher/MODLAUNCHER]: ModLauncher running: args [--gameDir, ., --launchTarget, fmluserdevclient, --fml.mcpVersion, 20210115.111550, --fml.mcVersion, 1.16.5, --fml.forgeGroup, net.minecraftforge, --fml.forgeVersion, 36.2.20, --assetIndex, 1.16, --assetsDir, C:\Users\joshg\.gradle\caches\forge_gradle\assets, --version, MOD_DEV, --username, Dev, --accessToken, ????????, --userProperties, {}]
[11Apr2022 15:25:52.647] [main/INFO] [cpw.mods.modlauncher.Launcher/MODLAUNCHER]: ModLauncher 8.0.9+86+master.3cf110c starting: java version 1.8.0_321 by Oracle Corporation
[11Apr2022 15:25:53.283] [main/INFO] [net.minecraftforge.fml.loading.FixSSL/CORE]: Added Lets Encrypt root certificates as additional trust
[11Apr2022 15:25:53.349] [main/INFO] [mixin/]: SpongePowered MIXIN Subsystem Version=0.8.4 Source=file:/C:/Users/joshg/.gradle/caches/modules-2/files-2.1/org.spongepowered/mixin/0.8.4/4ec7d77d9ab32596ca0b78bb123956734767e3a/mixin-0.8.4.jar Service=ModLauncher Env=CLIENT
[11Apr2022 15:25:56.612] [main/INFO] [cpw.mods.modlauncher.LaunchServiceHandler/MODLAUNCHER]: Launching target 'fmluserdevclient' with arguments [--version, MOD_DEV, --gameDir, ., --assetsDir, C:\Users\joshg\.gradle\caches\forge_gradle\assets, --assetIndex, 1.16, --username, Dev, --accessToken, ????????, --userProperties, {}]
[11Apr2022 15:25:56.772] [main/INFO] [STDERR/]: [java.lang.ThreadGroup:uncaughtException:1052]: java.lang.NoSuchMethodError: sun.security.util.ManifestEntryVerifier.<init>(Ljava/util/jar/Manifest;)V
[11Apr2022 15:25:56.772] [main/INFO] [STDERR/]: [java.lang.ThreadGroup:uncaughtException:1052]: 	at cpw.mods.modlauncher.SecureJarHandler.createCodeSource(SecureJarHandler.java:66)
[11Apr2022 15:25:56.772] [main/INFO] [STDERR/]: [java.lang.ThreadGroup:uncaughtException:1052]: 	at cpw.mods.modlauncher.TransformingClassLoader$DelegatedClassLoader.findClass(TransformingClassLoader.java:275)
[11Apr2022 15:25:56.772] [main/INFO] [STDERR/]: [java.lang.ThreadGroup:uncaughtException:1052]: 	at cpw.mods.modlauncher.TransformingClassLoader.loadClass(TransformingClassLoader.java:136)
[11Apr2022 15:25:56.772] [main/INFO] [STDERR/]: [java.lang.ThreadGroup:uncaughtException:1052]: 	at cpw.mods.modlauncher.TransformingClassLoader.loadClass(TransformingClassLoader.java:98)
[11Apr2022 15:25:56.772] [main/INFO] [STDERR/]: [java.lang.ThreadGroup:uncaughtException:1052]: 	at java.lang.ClassLoader.loadClass(ClassLoader.java:351)
[11Apr2022 15:25:56.772] [main/INFO] [STDERR/]: [java.lang.ThreadGroup:uncaughtException:1052]: 	at java.lang.Class.forName0(Native Method)
[11Apr2022 15:25:56.772] [main/INFO] [STDERR/]: [java.lang.ThreadGroup:uncaughtException:1052]: 	at java.lang.Class.forName(Class.java:348)
[11Apr2022 15:25:56.772] [main/INFO] [STDERR/]: [java.lang.ThreadGroup:uncaughtException:1052]: 	at net.minecraftforge.userdev.FMLUserdevClientLaunchProvider.lambda$launchService$0(FMLUserdevClientLaunchProvider.java:52)
[11Apr2022 15:25:56.780] [main/INFO] [STDERR/]: [java.lang.ThreadGroup:uncaughtException:1052]: 	at cpw.mods.modlauncher.LaunchServiceHandlerDecorator.launch(LaunchServiceHandlerDecorator.java:37)
[11Apr2022 15:25:56.780] [main/INFO] [STDERR/]: [java.lang.ThreadGroup:uncaughtException:1052]: 	at cpw.mods.modlauncher.LaunchServiceHandler.launch(LaunchServiceHandler.java:54)
[11Apr2022 15:25:56.780] [main/INFO] [STDERR/]: [java.lang.ThreadGroup:uncaughtException:1052]: 	at cpw.mods.modlauncher.LaunchServiceHandler.launch(LaunchServiceHandler.java:72)
[11Apr2022 15:25:56.780] [main/INFO] [STDERR/]: [java.lang.ThreadGroup:uncaughtException:1052]: 	at cpw.mods.modlauncher.Launcher.run(Launcher.java:82)
[11Apr2022 15:25:56.780] [main/INFO] [STDERR/]: [java.lang.ThreadGroup:uncaughtException:1052]: 	at cpw.mods.modlauncher.Launcher.main(Launcher.java:66)
[11Apr2022 15:25:56.780] [main/INFO] [STDERR/]: [java.lang.ThreadGroup:uncaughtException:1052]: 	at net.minecraftforge.userdev.LaunchTesting.main(LaunchTesting.java:108)
